0 info it worked if it ends with ok
1 verbose cli [ '/usr/local/bin/node', '/usr/local/bin/npm', 'start' ]
2 info using npm@3.3.12
3 info using node@v5.3.0
4 verbose run-script [ 'prestart', 'start', 'poststart' ]
5 info lifecycle interface-builder@1.0.0~prestart: interface-builder@1.0.0
6 silly lifecycle interface-builder@1.0.0~prestart: no script for prestart, continuing
7 info lifecycle interface-builder@1.0.0~start: interface-builder@1.0.0
8 verbose lifecycle interface-builder@1.0.0~start: unsafe-perm in lifecycle true
9 verbose lifecycle interface-builder@1.0.0~start: PATH: /usr/local/lib/node_modules/npm/bin/node-gyp-bin:/Users/crcn/Developer/public/interface-builder/node_modules/.bin:/opt/depot_tools:/usr/local/bin:/usr/bin:/bin:/usr/sbin:/sbin:/usr/local/git/bin
10 verbose lifecycle interface-builder@1.0.0~start: CWD: /Users/crcn/Developer/public/interface-builder
11 silly lifecycle interface-builder@1.0.0~start: Args: [ '-c', 'webpack-dev-server --port=${PORT}' ]
12 silly lifecycle interface-builder@1.0.0~start: Returned: code: 1  signal: null
13 info lifecycle interface-builder@1.0.0~start: Failed to exec start script
14 verbose stack Error: interface-builder@1.0.0 start: `webpack-dev-server --port=${PORT}`
14 verbose stack Exit status 1
14 verbose stack     at EventEmitter.<anonymous> (/usr/local/lib/node_modules/npm/lib/utils/lifecycle.js:232:16)
14 verbose stack     at emitTwo (events.js:87:13)
14 verbose stack     at EventEmitter.emit (events.js:172:7)
14 verbose stack     at ChildProcess.<anonymous> (/usr/local/lib/node_modules/npm/lib/utils/spawn.js:24:14)
14 verbose stack     at emitTwo (events.js:87:13)
14 verbose stack     at ChildProcess.emit (events.js:172:7)
14 verbose stack     at maybeClose (internal/child_process.js:818:16)
14 verbose stack     at Process.ChildProcess._handle.onexit (internal/child_process.js:211:5)
15 verbose pkgid interface-builder@1.0.0
16 verbose cwd /Users/crcn/Developer/public/interface-builder
17 error Darwin 15.2.0
18 error argv "/usr/local/bin/node" "/usr/local/bin/npm" "start"
19 error node v5.3.0
20 error npm  v3.3.12
21 error code ELIFECYCLE
22 error interface-builder@1.0.0 start: `webpack-dev-server --port=${PORT}`
22 error Exit status 1
23 error Failed at the interface-builder@1.0.0 start script 'webpack-dev-server --port=${PORT}'.
23 error Make sure you have the latest version of node.js and npm installed.
23 error If you do, this is most likely a problem with the interface-builder package,
23 error not with npm itself.
23 error Tell the author that this fails on your system:
23 error     webpack-dev-server --port=${PORT}
23 error You can get their info via:
23 error     npm owner ls interface-builder
23 error There is likely additional logging output above.
24 verbose exit [ 1, true ]
