Arguments: 
  /usr/local/bin/node /usr/local/bin/yarn add vscode

PATH: 
  /usr/local/bin:/usr/bin:/bin:/usr/sbin:/sbin

Yarn version: 
  0.17.8

Node version: 
  7.1.0

Platform: 
  darwin x64

npm manifest: 
  {
    "name": "tandem-vscode-extension",
    "displayName": "tandem",
    "description": "Richer experience for Tandem app",
    "version": "0.0.3",
    "publisher": "me",
    "engines": {
      "vscode": "^1.0.0"
    },
    "categories": [
      "Other"
    ],
    "activationEvents": [
      "*"
    ],
    "main": "./out/integrations/tandem-vscode-extension/src/extension.js",
    "contributes": {
      "commands": [
      ]
    },
    "scripts": {
      "vscode:prepublish": "node ./node_modules/vscode/bin/compile",
      "compile": "node ./node_modules/vscode/bin/compile -watch -p ./",
      "postinstall": "node ./node_modules/vscode/bin/install",
      "build-watch": "echo 'cannot build watch'"
    },
    "devDependencies": {
      "@types/reflect-metadata": "0.0.5",
      "@types/through2": "^2.0.31",
      "typescript": "^2.0.0",
      "vscode": "^0.11.0"
    },
    "dependencies": {
      "@tandem/common": "@tandem/common",
      "@tandem/core": "@tandem/core",
      "@tandem/editor": "@tandem/editor",
      "@tandem/sandbox": "@tandem/sandbox",
      "express": "^4.14.0",
      "get-port": "^2.1.0",
      "lodash": "^4.15.0",
      "mesh": "^6.0.26",
      "reflect-metadata": "^0.1.8",
      "through2": "^2.0.1"
    },
    "author": "",
    "license": "ISC"
  }

yarn manifest: 
  No manifest

Lockfile: 
  No lockfile

Trace: 
  Error: https://registry.yarnpkg.com/@tandem%2feditor: Not found
      at Request.params.callback [as _callback] (/usr/local/lib/node_modules/yarn/lib/util/request-manager.js:307:18)
      at Request.self.callback (/usr/local/lib/node_modules/yarn/node_modules/request/request.js:186:22)
      at emitTwo (events.js:106:13)
      at Request.emit (events.js:191:7)
      at Request.<anonymous> (/usr/local/lib/node_modules/yarn/node_modules/request/request.js:1081:10)
      at emitOne (events.js:96:13)
      at Request.emit (events.js:188:7)
      at IncomingMessage.<anonymous> (/usr/local/lib/node_modules/yarn/node_modules/request/request.js:1001:12)
      at IncomingMessage.g (events.js:292:16)
      at emitNone (events.js:91:20)
      at IncomingMessage.emit (events.js:185:7)
